# Logfile created on 2014-10-12 03:51:59 +0100 by logger.rb/41954
I, [2014-10-12T03:51:59.127291 #91744]  INFO -- : 0:  rack (1.5.2) from /Users/onuruyar/.rvm/gems/ruby-2.0.0-p353/specifications/rack-1.5.2.gemspec
I, [2014-10-12T03:51:59.127672 #91744]  INFO -- : 0:  async-rack (0.5.1) from /Users/onuruyar/.rvm/gems/ruby-2.0.0-p353/specifications/async-rack-0.5.1.gemspec
I, [2014-10-12T03:51:59.127983 #91744]  INFO -- : 0:  eventmachine (1.0.3) from /Users/onuruyar/.rvm/gems/ruby-2.0.0-p353/specifications/eventmachine-1.0.3.gemspec
I, [2014-10-12T03:51:59.128300 #91744]  INFO -- : 0:  em-synchrony (1.0.3) from /Users/onuruyar/.rvm/gems/ruby-2.0.0-p353/specifications/em-synchrony-1.0.3.gemspec
I, [2014-10-12T03:51:59.128560 #91744]  INFO -- : 0:  addressable (2.3.6) from /Users/onuruyar/.rvm/gems/ruby-2.0.0-p353/specifications/addressable-2.3.6.gemspec
I, [2014-10-12T03:51:59.128800 #91744]  INFO -- : 0:  em-websocket (0.3.8) from /Users/onuruyar/.rvm/gems/ruby-2.0.0-p353/specifications/em-websocket-0.3.8.gemspec
I, [2014-10-12T03:51:59.129047 #91744]  INFO -- : 0:  http_parser.rb (0.6.0) from /Users/onuruyar/.rvm/gems/ruby-2.0.0-p353/specifications/http_parser.rb-0.6.0.gemspec
I, [2014-10-12T03:51:59.129283 #91744]  INFO -- : 0:  log4r (1.1.10) from /Users/onuruyar/.rvm/gems/ruby-2.0.0-p353/specifications/log4r-1.1.10.gemspec
I, [2014-10-12T03:51:59.129536 #91744]  INFO -- : 0:  multi_json (1.10.1) from /Users/onuruyar/.rvm/gems/ruby-2.0.0-p353/specifications/multi_json-1.10.1.gemspec
I, [2014-10-12T03:51:59.129771 #91744]  INFO -- : 0:  rack-contrib (1.1.0) from /Users/onuruyar/.rvm/gems/ruby-2.0.0-p353/specifications/rack-contrib-1.1.0.gemspec
I, [2014-10-12T03:51:59.130004 #91744]  INFO -- : 0:  rack-accept-media-types (0.9) from /Users/onuruyar/.rvm/gems/ruby-2.0.0-p353/specifications/rack-accept-media-types-0.9.gemspec
I, [2014-10-12T03:51:59.130231 #91744]  INFO -- : 0:  rack-respond_to (0.9.8) from /Users/onuruyar/.rvm/gems/ruby-2.0.0-p353/specifications/rack-respond_to-0.9.8.gemspec
I, [2014-10-12T03:51:59.130466 #91744]  INFO -- : 0:  goliath (1.0.4) from /Users/onuruyar/.rvm/gems/ruby-2.0.0-p353/specifications/goliath-1.0.4.gemspec
I, [2014-10-12T03:51:59.130696 #91744]  INFO -- : 0:  url_mount (0.2.1) from /Users/onuruyar/.rvm/gems/ruby-2.0.0-p353/specifications/url_mount-0.2.1.gemspec
I, [2014-10-12T03:51:59.130924 #91744]  INFO -- : 0:  http_router (0.11.1) from /Users/onuruyar/.rvm/gems/ruby-2.0.0-p353/specifications/http_router-0.11.1.gemspec
I, [2014-10-12T03:51:59.131193 #91744]  INFO -- : 0:  tilt (1.4.1) from /Users/onuruyar/.rvm/gems/ruby-2.0.0-p353/specifications/tilt-1.4.1.gemspec
I, [2014-10-12T03:51:59.131424 #91744]  INFO -- : 0:  helmet (0.2.1) from /Users/onuruyar/.rvm/gems/ruby-2.0.0-p353/specifications/helmet-0.2.1.gemspec
I, [2014-10-12T03:51:59.131669 #91744]  INFO -- : 0:  oj (2.10.3) from /Users/onuruyar/.rvm/gems/ruby-2.0.0-p353/specifications/oj-2.10.3.gemspec
I, [2014-10-12T03:51:59.131898 #91744]  INFO -- : 0:  rack_csrf (2.5.0) from /Users/onuruyar/.rvm/gems/ruby-2.0.0-p353/specifications/rack_csrf-2.5.0.gemspec
I, [2014-10-12T03:51:59.138838 #91744]  INFO -- : 0:  actn-api (0.0.5) from /Users/onuruyar/Sites/actn.io/app/api/actn-api.gemspec
I, [2014-10-12T03:51:59.139200 #91744]  INFO -- : 0:  coffee-script-source (1.8.0) from /Users/onuruyar/.rvm/gems/ruby-2.0.0-p353/specifications/coffee-script-source-1.8.0.gemspec
I, [2014-10-12T03:51:59.139456 #91744]  INFO -- : 0:  execjs (2.2.1) from /Users/onuruyar/.rvm/gems/ruby-2.0.0-p353/specifications/execjs-2.2.1.gemspec
I, [2014-10-12T03:51:59.139706 #91744]  INFO -- : 0:  coffee-script (2.3.0) from /Users/onuruyar/.rvm/gems/ruby-2.0.0-p353/specifications/coffee-script-2.3.0.gemspec
I, [2014-10-12T03:51:59.139943 #91744]  INFO -- : 0:  hike (1.2.3) from /Users/onuruyar/.rvm/gems/ruby-2.0.0-p353/specifications/hike-1.2.3.gemspec
I, [2014-10-12T03:51:59.140183 #91744]  INFO -- : 0:  sprockets (2.12.2) from /Users/onuruyar/.rvm/gems/ruby-2.0.0-p353/specifications/sprockets-2.12.2.gemspec
I, [2014-10-12T03:51:59.161681 #91744]  INFO -- : 0:  goliath_rack_sprockets (0.1.0) from /Users/onuruyar/.rvm/gems/ruby-2.0.0-p353/bundler/gems/goliath_rack_sprockets-4bc852a5fb08/goliath_rack_sprockets.gemspec
I, [2014-10-12T03:51:59.162080 #91744]  INFO -- : 0:  sass (3.4.5) from /Users/onuruyar/.rvm/gems/ruby-2.0.0-p353/specifications/sass-3.4.5.gemspec
I, [2014-10-12T03:51:59.162426 #91744]  INFO -- : 0:  bundler (1.5.1) from /Users/onuruyar/.rvm/gems/ruby-2.0.0-p353@global/specifications/bundler-1.5.1.gemspec
I, [2014-10-12T03:53:15.402748 #91786]  INFO -- : 0:  i18n (0.6.11) from /Users/onuruyar/.rvm/gems/ruby-2.0.0-p353/specifications/i18n-0.6.11.gemspec
I, [2014-10-12T03:53:15.403180 #91786]  INFO -- : 0:  json (1.8.1) from /Users/onuruyar/.rvm/gems/ruby-2.0.0-p353/specifications/json-1.8.1.gemspec
I, [2014-10-12T03:53:15.403524 #91786]  INFO -- : 0:  minitest (5.4.2) from /Users/onuruyar/.rvm/gems/ruby-2.0.0-p353/specifications/minitest-5.4.2.gemspec
I, [2014-10-12T03:53:15.403794 #91786]  INFO -- : 0:  thread_safe (0.3.4) from /Users/onuruyar/.rvm/gems/ruby-2.0.0-p353/specifications/thread_safe-0.3.4.gemspec
I, [2014-10-12T03:53:15.404068 #91786]  INFO -- : 0:  tzinfo (1.2.2) from /Users/onuruyar/.rvm/gems/ruby-2.0.0-p353/specifications/tzinfo-1.2.2.gemspec
I, [2014-10-12T03:53:15.404371 #91786]  INFO -- : 0:  activesupport (4.1.6) from /Users/onuruyar/.rvm/gems/ruby-2.0.0-p353/specifications/activesupport-4.1.6.gemspec
I, [2014-10-12T03:53:15.404636 #91786]  INFO -- : 0:  builder (3.2.2) from /Users/onuruyar/.rvm/gems/ruby-2.0.0-p353/specifications/builder-3.2.2.gemspec
I, [2014-10-12T03:53:15.404921 #91786]  INFO -- : 0:  activemodel (4.1.6) from /Users/onuruyar/.rvm/gems/ruby-2.0.0-p353/specifications/activemodel-4.1.6.gemspec
I, [2014-10-12T03:53:15.405220 #91786]  INFO -- : 0:  rack (1.5.2) from /Users/onuruyar/.rvm/gems/ruby-2.0.0-p353/specifications/rack-1.5.2.gemspec
I, [2014-10-12T03:53:15.405563 #91786]  INFO -- : 0:  async-rack (0.5.1) from /Users/onuruyar/.rvm/gems/ruby-2.0.0-p353/specifications/async-rack-0.5.1.gemspec
I, [2014-10-12T03:53:15.405858 #91786]  INFO -- : 0:  eventmachine (1.0.3) from /Users/onuruyar/.rvm/gems/ruby-2.0.0-p353/specifications/eventmachine-1.0.3.gemspec
I, [2014-10-12T03:53:15.406149 #91786]  INFO -- : 0:  em-synchrony (1.0.3) from /Users/onuruyar/.rvm/gems/ruby-2.0.0-p353/specifications/em-synchrony-1.0.3.gemspec
I, [2014-10-12T03:53:15.406440 #91786]  INFO -- : 0:  addressable (2.3.6) from /Users/onuruyar/.rvm/gems/ruby-2.0.0-p353/specifications/addressable-2.3.6.gemspec
I, [2014-10-12T03:53:15.406725 #91786]  INFO -- : 0:  em-websocket (0.3.8) from /Users/onuruyar/.rvm/gems/ruby-2.0.0-p353/specifications/em-websocket-0.3.8.gemspec
I, [2014-10-12T03:53:15.407017 #91786]  INFO -- : 0:  http_parser.rb (0.6.0) from /Users/onuruyar/.rvm/gems/ruby-2.0.0-p353/specifications/http_parser.rb-0.6.0.gemspec
I, [2014-10-12T03:53:15.407302 #91786]  INFO -- : 0:  log4r (1.1.10) from /Users/onuruyar/.rvm/gems/ruby-2.0.0-p353/specifications/log4r-1.1.10.gemspec
I, [2014-10-12T03:53:15.407634 #91786]  INFO -- : 0:  multi_json (1.10.1) from /Users/onuruyar/.rvm/gems/ruby-2.0.0-p353/specifications/multi_json-1.10.1.gemspec
I, [2014-10-12T03:53:15.407928 #91786]  INFO -- : 0:  rack-contrib (1.1.0) from /Users/onuruyar/.rvm/gems/ruby-2.0.0-p353/specifications/rack-contrib-1.1.0.gemspec
I, [2014-10-12T03:53:15.408231 #91786]  INFO -- : 0:  rack-accept-media-types (0.9) from /Users/onuruyar/.rvm/gems/ruby-2.0.0-p353/specifications/rack-accept-media-types-0.9.gemspec
I, [2014-10-12T03:53:15.408512 #91786]  INFO -- : 0:  rack-respond_to (0.9.8) from /Users/onuruyar/.rvm/gems/ruby-2.0.0-p353/specifications/rack-respond_to-0.9.8.gemspec
I, [2014-10-12T03:53:15.408796 #91786]  INFO -- : 0:  goliath (1.0.4) from /Users/onuruyar/.rvm/gems/ruby-2.0.0-p353/specifications/goliath-1.0.4.gemspec
I, [2014-10-12T03:53:15.409073 #91786]  INFO -- : 0:  url_mount (0.2.1) from /Users/onuruyar/.rvm/gems/ruby-2.0.0-p353/specifications/url_mount-0.2.1.gemspec
I, [2014-10-12T03:53:15.409353 #91786]  INFO -- : 0:  http_router (0.11.1) from /Users/onuruyar/.rvm/gems/ruby-2.0.0-p353/specifications/http_router-0.11.1.gemspec
I, [2014-10-12T03:53:15.409658 #91786]  INFO -- : 0:  tilt (1.4.1) from /Users/onuruyar/.rvm/gems/ruby-2.0.0-p353/specifications/tilt-1.4.1.gemspec
I, [2014-10-12T03:53:15.409936 #91786]  INFO -- : 0:  helmet (0.2.1) from /Users/onuruyar/.rvm/gems/ruby-2.0.0-p353/specifications/helmet-0.2.1.gemspec
I, [2014-10-12T03:53:15.410227 #91786]  INFO -- : 0:  oj (2.10.3) from /Users/onuruyar/.rvm/gems/ruby-2.0.0-p353/specifications/oj-2.10.3.gemspec
I, [2014-10-12T03:53:15.410502 #91786]  INFO -- : 0:  rack_csrf (2.5.0) from /Users/onuruyar/.rvm/gems/ruby-2.0.0-p353/specifications/rack_csrf-2.5.0.gemspec
I, [2014-10-12T03:53:15.446647 #91786]  INFO -- : 0:  actn-api (0.0.5) from /Users/onuruyar/Sites/actn.io/app/api/actn-api.gemspec
I, [2014-10-12T03:53:15.447314 #91786]  INFO -- : 0:  bcrypt (3.1.7) from /Users/onuruyar/.rvm/gems/ruby-2.0.0-p353/specifications/bcrypt-3.1.7.gemspec
I, [2014-10-12T03:53:15.447772 #91786]  INFO -- : 0:  coffee-script-source (1.8.0) from /Users/onuruyar/.rvm/gems/ruby-2.0.0-p353/specifications/coffee-script-source-1.8.0.gemspec
I, [2014-10-12T03:53:15.448180 #91786]  INFO -- : 0:  execjs (2.2.1) from /Users/onuruyar/.rvm/gems/ruby-2.0.0-p353/specifications/execjs-2.2.1.gemspec
I, [2014-10-12T03:53:15.448572 #91786]  INFO -- : 0:  coffee-script (2.3.0) from /Users/onuruyar/.rvm/gems/ruby-2.0.0-p353/specifications/coffee-script-2.3.0.gemspec
I, [2014-10-12T03:53:15.448958 #91786]  INFO -- : 0:  pg (0.17.1) from /Users/onuruyar/.rvm/gems/ruby-2.0.0-p353/specifications/pg-0.17.1.gemspec
I, [2014-10-12T03:53:15.449345 #91786]  INFO -- : 0:  em-pg-client (0.3.4) from /Users/onuruyar/.rvm/gems/ruby-2.0.0-p353/specifications/em-pg-client-0.3.4.gemspec
I, [2014-10-12T03:53:15.554533 #91786]  INFO -- : 0:  actn-db (0.0.4) from /Users/onuruyar/Sites/actn.io/app/db/actn-db.gemspec
I, [2014-10-12T03:53:15.583270 #91786]  INFO -- : 0:  actn-jobs (0.0.4) from /Users/onuruyar/Sites/actn.io/app/jobs/actn-jobs.gemspec
I, [2014-10-12T03:53:15.583836 #91786]  INFO -- : 0:  hike (1.2.3) from /Users/onuruyar/.rvm/gems/ruby-2.0.0-p353/specifications/hike-1.2.3.gemspec
I, [2014-10-12T03:53:15.584298 #91786]  INFO -- : 0:  sprockets (2.12.2) from /Users/onuruyar/.rvm/gems/ruby-2.0.0-p353/specifications/sprockets-2.12.2.gemspec
I, [2014-10-12T03:53:15.604874 #91786]  INFO -- : 0:  goliath_rack_sprockets (0.1.0) from /Users/onuruyar/.rvm/gems/ruby-2.0.0-p353/bundler/gems/goliath_rack_sprockets-4bc852a5fb08/goliath_rack_sprockets.gemspec
I, [2014-10-12T03:53:15.605396 #91786]  INFO -- : 0:  sass (3.4.5) from /Users/onuruyar/.rvm/gems/ruby-2.0.0-p353/specifications/sass-3.4.5.gemspec
I, [2014-10-12T03:53:15.605753 #91786]  INFO -- : 0:  bundler (1.5.1) from /Users/onuruyar/.rvm/gems/ruby-2.0.0-p353@global/specifications/bundler-1.5.1.gemspec
I, [2014-10-12T03:54:10.201418 #91824]  INFO -- : 0:  i18n (0.6.11) from /Users/onuruyar/.rvm/gems/ruby-2.0.0-p353/specifications/i18n-0.6.11.gemspec
I, [2014-10-12T03:54:10.202028 #91824]  INFO -- : 0:  json (1.8.1) from /Users/onuruyar/.rvm/gems/ruby-2.0.0-p353/specifications/json-1.8.1.gemspec
I, [2014-10-12T03:54:10.202492 #91824]  INFO -- : 0:  minitest (5.4.2) from /Users/onuruyar/.rvm/gems/ruby-2.0.0-p353/specifications/minitest-5.4.2.gemspec
I, [2014-10-12T03:54:10.202919 #91824]  INFO -- : 0:  thread_safe (0.3.4) from /Users/onuruyar/.rvm/gems/ruby-2.0.0-p353/specifications/thread_safe-0.3.4.gemspec
I, [2014-10-12T03:54:10.203360 #91824]  INFO -- : 0:  tzinfo (1.2.2) from /Users/onuruyar/.rvm/gems/ruby-2.0.0-p353/specifications/tzinfo-1.2.2.gemspec
I, [2014-10-12T03:54:10.203845 #91824]  INFO -- : 0:  activesupport (4.1.6) from /Users/onuruyar/.rvm/gems/ruby-2.0.0-p353/specifications/activesupport-4.1.6.gemspec
I, [2014-10-12T03:54:10.204277 #91824]  INFO -- : 0:  builder (3.2.2) from /Users/onuruyar/.rvm/gems/ruby-2.0.0-p353/specifications/builder-3.2.2.gemspec
I, [2014-10-12T03:54:10.204752 #91824]  INFO -- : 0:  activemodel (4.1.6) from /Users/onuruyar/.rvm/gems/ruby-2.0.0-p353/specifications/activemodel-4.1.6.gemspec
I, [2014-10-12T03:54:10.205191 #91824]  INFO -- : 0:  rack (1.5.2) from /Users/onuruyar/.rvm/gems/ruby-2.0.0-p353/specifications/rack-1.5.2.gemspec
I, [2014-10-12T03:54:10.205554 #91824]  INFO -- : 0:  async-rack (0.5.1) from /Users/onuruyar/.rvm/gems/ruby-2.0.0-p353/specifications/async-rack-0.5.1.gemspec
I, [2014-10-12T03:54:10.205806 #91824]  INFO -- : 0:  eventmachine (1.0.3) from /Users/onuruyar/.rvm/gems/ruby-2.0.0-p353/specifications/eventmachine-1.0.3.gemspec
I, [2014-10-12T03:54:10.206104 #91824]  INFO -- : 0:  em-synchrony (1.0.3) from /Users/onuruyar/.rvm/gems/ruby-2.0.0-p353/specifications/em-synchrony-1.0.3.gemspec
I, [2014-10-12T03:54:10.206401 #91824]  INFO -- : 0:  addressable (2.3.6) from /Users/onuruyar/.rvm/gems/ruby-2.0.0-p353/specifications/addressable-2.3.6.gemspec
I, [2014-10-12T03:54:10.206692 #91824]  INFO -- : 0:  em-websocket (0.3.8) from /Users/onuruyar/.rvm/gems/ruby-2.0.0-p353/specifications/em-websocket-0.3.8.gemspec
I, [2014-10-12T03:54:10.206983 #91824]  INFO -- : 0:  http_parser.rb (0.6.0) from /Users/onuruyar/.rvm/gems/ruby-2.0.0-p353/specifications/http_parser.rb-0.6.0.gemspec
I, [2014-10-12T03:54:10.207267 #91824]  INFO -- : 0:  log4r (1.1.10) from /Users/onuruyar/.rvm/gems/ruby-2.0.0-p353/specifications/log4r-1.1.10.gemspec
I, [2014-10-12T03:54:10.207571 #91824]  INFO -- : 0:  multi_json (1.10.1) from /Users/onuruyar/.rvm/gems/ruby-2.0.0-p353/specifications/multi_json-1.10.1.gemspec
I, [2014-10-12T03:54:10.207855 #91824]  INFO -- : 0:  rack-contrib (1.1.0) from /Users/onuruyar/.rvm/gems/ruby-2.0.0-p353/specifications/rack-contrib-1.1.0.gemspec
I, [2014-10-12T03:54:10.208141 #91824]  INFO -- : 0:  rack-accept-media-types (0.9) from /Users/onuruyar/.rvm/gems/ruby-2.0.0-p353/specifications/rack-accept-media-types-0.9.gemspec
I, [2014-10-12T03:54:10.208424 #91824]  INFO -- : 0:  rack-respond_to (0.9.8) from /Users/onuruyar/.rvm/gems/ruby-2.0.0-p353/specifications/rack-respond_to-0.9.8.gemspec
I, [2014-10-12T03:54:10.208708 #91824]  INFO -- : 0:  goliath (1.0.4) from /Users/onuruyar/.rvm/gems/ruby-2.0.0-p353/specifications/goliath-1.0.4.gemspec
I, [2014-10-12T03:54:10.208989 #91824]  INFO -- : 0:  url_mount (0.2.1) from /Users/onuruyar/.rvm/gems/ruby-2.0.0-p353/specifications/url_mount-0.2.1.gemspec
I, [2014-10-12T03:54:10.209270 #91824]  INFO -- : 0:  http_router (0.11.1) from /Users/onuruyar/.rvm/gems/ruby-2.0.0-p353/specifications/http_router-0.11.1.gemspec
I, [2014-10-12T03:54:10.209558 #91824]  INFO -- : 0:  tilt (1.4.1) from /Users/onuruyar/.rvm/gems/ruby-2.0.0-p353/specifications/tilt-1.4.1.gemspec
I, [2014-10-12T03:54:10.209843 #91824]  INFO -- : 0:  helmet (0.2.1) from /Users/onuruyar/.rvm/gems/ruby-2.0.0-p353/specifications/helmet-0.2.1.gemspec
I, [2014-10-12T03:54:10.210143 #91824]  INFO -- : 0:  oj (2.10.3) from /Users/onuruyar/.rvm/gems/ruby-2.0.0-p353/specifications/oj-2.10.3.gemspec
I, [2014-10-12T03:54:10.210428 #91824]  INFO -- : 0:  rack_csrf (2.5.0) from /Users/onuruyar/.rvm/gems/ruby-2.0.0-p353/specifications/rack_csrf-2.5.0.gemspec
I, [2014-10-12T03:54:10.237156 #91824]  INFO -- : 0:  actn-api (0.0.5) from /Users/onuruyar/Sites/actn.io/app/api/actn-api.gemspec
I, [2014-10-12T03:54:10.237645 #91824]  INFO -- : 0:  bcrypt (3.1.7) from /Users/onuruyar/.rvm/gems/ruby-2.0.0-p353/specifications/bcrypt-3.1.7.gemspec
I, [2014-10-12T03:54:10.237935 #91824]  INFO -- : 0:  coffee-script-source (1.8.0) from /Users/onuruyar/.rvm/gems/ruby-2.0.0-p353/specifications/coffee-script-source-1.8.0.gemspec
I, [2014-10-12T03:54:10.238211 #91824]  INFO -- : 0:  execjs (2.2.1) from /Users/onuruyar/.rvm/gems/ruby-2.0.0-p353/specifications/execjs-2.2.1.gemspec
I, [2014-10-12T03:54:10.238484 #91824]  INFO -- : 0:  coffee-script (2.3.0) from /Users/onuruyar/.rvm/gems/ruby-2.0.0-p353/specifications/coffee-script-2.3.0.gemspec
I, [2014-10-12T03:54:10.238754 #91824]  INFO -- : 0:  pg (0.17.1) from /Users/onuruyar/.rvm/gems/ruby-2.0.0-p353/specifications/pg-0.17.1.gemspec
I, [2014-10-12T03:54:10.239039 #91824]  INFO -- : 0:  em-pg-client (0.3.4) from /Users/onuruyar/.rvm/gems/ruby-2.0.0-p353/specifications/em-pg-client-0.3.4.gemspec
I, [2014-10-12T03:54:10.339565 #91824]  INFO -- : 0:  actn-db (0.0.4) from /Users/onuruyar/Sites/actn.io/app/db/actn-db.gemspec
I, [2014-10-12T03:54:10.362182 #91824]  INFO -- : 0:  actn-jobs (0.0.4) from /Users/onuruyar/Sites/actn.io/app/jobs/actn-jobs.gemspec
I, [2014-10-12T03:54:10.362625 #91824]  INFO -- : 0:  hike (1.2.3) from /Users/onuruyar/.rvm/gems/ruby-2.0.0-p353/specifications/hike-1.2.3.gemspec
I, [2014-10-12T03:54:10.363121 #91824]  INFO -- : 0:  sprockets (2.12.2) from /Users/onuruyar/.rvm/gems/ruby-2.0.0-p353/specifications/sprockets-2.12.2.gemspec
I, [2014-10-12T03:54:10.386789 #91824]  INFO -- : 0:  goliath_rack_sprockets (0.1.0) from /Users/onuruyar/.rvm/gems/ruby-2.0.0-p353/bundler/gems/goliath_rack_sprockets-4bc852a5fb08/goliath_rack_sprockets.gemspec
I, [2014-10-12T03:54:10.387298 #91824]  INFO -- : 0:  sass (3.4.5) from /Users/onuruyar/.rvm/gems/ruby-2.0.0-p353/specifications/sass-3.4.5.gemspec
I, [2014-10-12T03:54:10.387644 #91824]  INFO -- : 0:  bundler (1.5.1) from /Users/onuruyar/.rvm/gems/ruby-2.0.0-p353@global/specifications/bundler-1.5.1.gemspec
I, [2014-10-14T17:29:01.753368 #5584]  INFO -- : 0:  rake (10.3.2) from /Users/onuruyar/.rvm/gems/ruby-2.0.0-p353/specifications/rake-10.3.2.gemspec
I, [2014-10-14T17:29:01.755701 #5584]  INFO -- : 0:  i18n (0.6.11) from /Users/onuruyar/.rvm/gems/ruby-2.0.0-p353/specifications/i18n-0.6.11.gemspec
I, [2014-10-14T17:29:01.756066 #5584]  INFO -- : 0:  json (1.8.1) from /Users/onuruyar/.rvm/gems/ruby-2.0.0-p353/specifications/json-1.8.1.gemspec
I, [2014-10-14T17:29:01.756419 #5584]  INFO -- : 0:  minitest (5.4.2) from /Users/onuruyar/.rvm/gems/ruby-2.0.0-p353/specifications/minitest-5.4.2.gemspec
I, [2014-10-14T17:29:01.756756 #5584]  INFO -- : 0:  thread_safe (0.3.4) from /Users/onuruyar/.rvm/gems/ruby-2.0.0-p353/specifications/thread_safe-0.3.4.gemspec
I, [2014-10-14T17:29:01.757080 #5584]  INFO -- : 0:  tzinfo (1.2.2) from /Users/onuruyar/.rvm/gems/ruby-2.0.0-p353/specifications/tzinfo-1.2.2.gemspec
I, [2014-10-14T17:29:01.757417 #5584]  INFO -- : 0:  activesupport (4.1.6) from /Users/onuruyar/.rvm/gems/ruby-2.0.0-p353/specifications/activesupport-4.1.6.gemspec
I, [2014-10-14T17:29:01.757732 #5584]  INFO -- : 0:  builder (3.2.2) from /Users/onuruyar/.rvm/gems/ruby-2.0.0-p353/specifications/builder-3.2.2.gemspec
I, [2014-10-14T17:29:01.758044 #5584]  INFO -- : 0:  activemodel (4.1.6) from /Users/onuruyar/.rvm/gems/ruby-2.0.0-p353/specifications/activemodel-4.1.6.gemspec
I, [2014-10-14T17:29:01.758356 #5584]  INFO -- : 0:  rack (1.5.2) from /Users/onuruyar/.rvm/gems/ruby-2.0.0-p353/specifications/rack-1.5.2.gemspec
I, [2014-10-14T17:29:01.758660 #5584]  INFO -- : 0:  async-rack (0.5.1) from /Users/onuruyar/.rvm/gems/ruby-2.0.0-p353/specifications/async-rack-0.5.1.gemspec
I, [2014-10-14T17:29:01.758951 #5584]  INFO -- : 0:  eventmachine (1.0.3) from /Users/onuruyar/.rvm/gems/ruby-2.0.0-p353/specifications/eventmachine-1.0.3.gemspec
I, [2014-10-14T17:29:01.759265 #5584]  INFO -- : 0:  em-synchrony (1.0.3) from /Users/onuruyar/.rvm/gems/ruby-2.0.0-p353/specifications/em-synchrony-1.0.3.gemspec
I, [2014-10-14T17:29:01.759568 #5584]  INFO -- : 0:  addressable (2.3.6) from /Users/onuruyar/.rvm/gems/ruby-2.0.0-p353/specifications/addressable-2.3.6.gemspec
I, [2014-10-14T17:29:01.759864 #5584]  INFO -- : 0:  em-websocket (0.3.8) from /Users/onuruyar/.rvm/gems/ruby-2.0.0-p353/specifications/em-websocket-0.3.8.gemspec
I, [2014-10-14T17:29:01.760167 #5584]  INFO -- : 0:  http_parser.rb (0.6.0) from /Users/onuruyar/.rvm/gems/ruby-2.0.0-p353/specifications/http_parser.rb-0.6.0.gemspec
I, [2014-10-14T17:29:01.760437 #5584]  INFO -- : 0:  log4r (1.1.10) from /Users/onuruyar/.rvm/gems/ruby-2.0.0-p353/specifications/log4r-1.1.10.gemspec
I, [2014-10-14T17:29:01.760753 #5584]  INFO -- : 0:  multi_json (1.10.1) from /Users/onuruyar/.rvm/gems/ruby-2.0.0-p353/specifications/multi_json-1.10.1.gemspec
I, [2014-10-14T17:29:01.761055 #5584]  INFO -- : 0:  rack-contrib (1.1.0) from /Users/onuruyar/.rvm/gems/ruby-2.0.0-p353/specifications/rack-contrib-1.1.0.gemspec
I, [2014-10-14T17:29:01.761390 #5584]  INFO -- : 0:  rack-accept-media-types (0.9) from /Users/onuruyar/.rvm/gems/ruby-2.0.0-p353/specifications/rack-accept-media-types-0.9.gemspec
I, [2014-10-14T17:29:01.761667 #5584]  INFO -- : 0:  rack-respond_to (0.9.8) from /Users/onuruyar/.rvm/gems/ruby-2.0.0-p353/specifications/rack-respond_to-0.9.8.gemspec
I, [2014-10-14T17:29:01.761975 #5584]  INFO -- : 0:  goliath (1.0.4) from /Users/onuruyar/.rvm/gems/ruby-2.0.0-p353/specifications/goliath-1.0.4.gemspec
I, [2014-10-14T17:29:01.762284 #5584]  INFO -- : 0:  url_mount (0.2.1) from /Users/onuruyar/.rvm/gems/ruby-2.0.0-p353/specifications/url_mount-0.2.1.gemspec
I, [2014-10-14T17:29:01.762593 #5584]  INFO -- : 0:  http_router (0.11.1) from /Users/onuruyar/.rvm/gems/ruby-2.0.0-p353/specifications/http_router-0.11.1.gemspec
I, [2014-10-14T17:29:01.762895 #5584]  INFO -- : 0:  tilt (1.4.1) from /Users/onuruyar/.rvm/gems/ruby-2.0.0-p353/specifications/tilt-1.4.1.gemspec
I, [2014-10-14T17:29:01.763185 #5584]  INFO -- : 0:  helmet (0.2.1) from /Users/onuruyar/.rvm/gems/ruby-2.0.0-p353/specifications/helmet-0.2.1.gemspec
I, [2014-10-14T17:29:01.763518 #5584]  INFO -- : 0:  oj (2.10.3) from /Users/onuruyar/.rvm/gems/ruby-2.0.0-p353/specifications/oj-2.10.3.gemspec
I, [2014-10-14T17:29:01.763768 #5584]  INFO -- : 0:  rack_csrf (2.5.0) from /Users/onuruyar/.rvm/gems/ruby-2.0.0-p353/specifications/rack_csrf-2.5.0.gemspec
I, [2014-10-14T17:29:01.786712 #5584]  INFO -- : 0:  actn-api (0.0.5) from /Users/onuruyar/Sites/actn.io/lib/api/actn-api.gemspec
I, [2014-10-14T17:29:01.787525 #5584]  INFO -- : 0:  bcrypt (3.1.7) from /Users/onuruyar/.rvm/gems/ruby-2.0.0-p353/specifications/bcrypt-3.1.7.gemspec
I, [2014-10-14T17:29:01.787836 #5584]  INFO -- : 0:  coffee-script-source (1.8.0) from /Users/onuruyar/.rvm/gems/ruby-2.0.0-p353/specifications/coffee-script-source-1.8.0.gemspec
I, [2014-10-14T17:29:01.788080 #5584]  INFO -- : 0:  execjs (2.2.1) from /Users/onuruyar/.rvm/gems/ruby-2.0.0-p353/specifications/execjs-2.2.1.gemspec
I, [2014-10-14T17:29:01.788357 #5584]  INFO -- : 0:  coffee-script (2.3.0) from /Users/onuruyar/.rvm/gems/ruby-2.0.0-p353/specifications/coffee-script-2.3.0.gemspec
I, [2014-10-14T17:29:01.788595 #5584]  INFO -- : 0:  pg (0.17.1) from /Users/onuruyar/.rvm/gems/ruby-2.0.0-p353/specifications/pg-0.17.1.gemspec
I, [2014-10-14T17:29:01.788835 #5584]  INFO -- : 0:  em-pg-client (0.3.4) from /Users/onuruyar/.rvm/gems/ruby-2.0.0-p353/specifications/em-pg-client-0.3.4.gemspec
I, [2014-10-14T17:29:01.873019 #5584]  INFO -- : 0:  actn-db (0.0.4) from /Users/onuruyar/Sites/actn.io/lib/db/actn-db.gemspec
I, [2014-10-14T17:29:01.873461 #5584]  INFO -- : 0:  websocket (1.2.1) from /Users/onuruyar/.rvm/gems/ruby-2.0.0-p353/specifications/websocket-1.2.1.gemspec
I, [2014-10-14T17:29:01.873702 #5584]  INFO -- : 0:  websocket-native (1.0.0) from /Users/onuruyar/.rvm/gems/ruby-2.0.0-p353/specifications/websocket-native-1.0.0.gemspec
I, [2014-10-14T17:29:01.873989 #5584]  INFO -- : 0:  websocket-eventmachine-base (1.1.0) from /Users/onuruyar/.rvm/gems/ruby-2.0.0-p353/specifications/websocket-eventmachine-base-1.1.0.gemspec
I, [2014-10-14T17:29:01.874279 #5584]  INFO -- : 0:  websocket-eventmachine-client (1.1.0) from /Users/onuruyar/.rvm/gems/ruby-2.0.0-p353/specifications/websocket-eventmachine-client-1.1.0.gemspec
I, [2014-10-14T17:29:01.894885 #5584]  INFO -- : 0:  actn-jobs (0.0.4) from /Users/onuruyar/Sites/actn.io/lib/jobs/actn-jobs.gemspec
I, [2014-10-14T17:29:01.895297 #5584]  INFO -- : 0:  cookiejar (0.3.2) from /Users/onuruyar/.rvm/gems/ruby-2.0.0-p353/specifications/cookiejar-0.3.2.gemspec
I, [2014-10-14T17:29:01.895605 #5584]  INFO -- : 0:  em-socksify (0.3.0) from /Users/onuruyar/.rvm/gems/ruby-2.0.0-p353/specifications/em-socksify-0.3.0.gemspec
I, [2014-10-14T17:29:01.895913 #5584]  INFO -- : 0:  em-http-request (1.1.2) from /Users/onuruyar/.rvm/gems/ruby-2.0.0-p353/specifications/em-http-request-1.1.2.gemspec
I, [2014-10-14T17:29:01.896211 #5584]  INFO -- : 0:  hike (1.2.3) from /Users/onuruyar/.rvm/gems/ruby-2.0.0-p353/specifications/hike-1.2.3.gemspec
I, [2014-10-14T17:29:01.896519 #5584]  INFO -- : 0:  sprockets (2.12.2) from /Users/onuruyar/.rvm/gems/ruby-2.0.0-p353/specifications/sprockets-2.12.2.gemspec
I, [2014-10-14T17:29:01.930930 #5584]  INFO -- : 0:  goliath_rack_sprockets (0.1.0) from /Users/onuruyar/.rvm/gems/ruby-2.0.0-p353/bundler/gems/goliath_rack_sprockets-4bc852a5fb08/goliath_rack_sprockets.gemspec
I, [2014-10-14T17:29:01.931405 #5584]  INFO -- : 0:  sass (3.4.5) from /Users/onuruyar/.rvm/gems/ruby-2.0.0-p353/specifications/sass-3.4.5.gemspec
I, [2014-10-14T17:29:01.931745 #5584]  INFO -- : 0:  bundler (1.5.1) from /Users/onuruyar/.rvm/gems/ruby-2.0.0-p353@global/specifications/bundler-1.5.1.gemspec
